2025-09-10 09:15:19,305 - crypto_system - INFO - 主窗口初始化完成
2025-09-10 09:16:06,237 - crypto_system - INFO - 程序启动
2025-09-10 09:16:06,395 - crypto_system - INFO - 主窗口初始化完成
2025-09-10 09:18:11,526 - crypto_system - INFO - 哈希计算完成 - 算法: md5, 输入长度: 13
2025-09-10 09:18:17,388 - crypto_system - INFO - 哈希计算完成 - 算法: md5, 输入长度: 13
2025-09-10 09:18:17,682 - crypto_system - INFO - 哈希计算完成 - 算法: md5, 输入长度: 13
2025-09-10 09:18:17,842 - crypto_system - INFO - 哈希计算完成 - 算法: md5, 输入长度: 13
2025-09-10 09:18:18,013 - crypto_system - INFO - 哈希计算完成 - 算法: md5, 输入长度: 13
2025-09-10 09:18:18,174 - crypto_system - INFO - 哈希计算完成 - 算法: md5, 输入长度: 13
2025-09-10 09:18:30,984 - crypto_system - INFO - 哈希计算完成 - 算法: md5, 输入长度: 13
2025-09-10 09:18:40,826 - crypto_system - INFO - 哈希计算完成 - 算法: md5, 输入长度: 13
2025-09-10 09:18:49,937 - crypto_system - INFO - 程序结束
2025-09-10 09:27:38,321 - crypto_system - INFO - 主窗口初始化完成
2025-09-10 09:30:35,066 - crypto_system - INFO - 程序启动
2025-09-10 09:30:35,203 - crypto_system - INFO - 主窗口初始化完成
2025-09-10 09:31:27,655 - crypto_system - INFO - 加密完成 - 算法: caesar, 明文长度: 11
2025-09-10 09:32:20,272 - crypto_system - INFO - 加密完成 - 算法: vigenere, 明文长度: 12
2025-09-10 09:32:57,731 - crypto_system - INFO - 加密完成 - 算法: rc4, 明文长度: 13
2025-09-10 09:33:33,385 - crypto_system - INFO - 解密完成 - 算法: rc4, 密文长度: 26
2025-09-10 09:34:02,944 - crypto_system - INFO - 加密完成 - 算法: rc4, 明文长度: 17
2025-09-10 09:34:10,552 - crypto_system - INFO - 解密完成 - 算法: rc4, 密文长度: 34
2025-09-10 09:34:59,089 - crypto_system - INFO - 加密完成 - 算法: ca, 明文长度: 11
2025-09-10 09:35:07,992 - crypto_system - INFO - 解密完成 - 算法: ca, 密文长度: 22
2025-09-10 11:55:18,118 - crypto_system - INFO - 程序结束
2025-09-10 18:36:45,923 - crypto_system - INFO - 程序启动
2025-09-10 18:36:46,182 - crypto_system - INFO - 主窗口初始化完成
2025-09-10 18:41:15,315 - crypto_system - INFO - 加密完成 - 算法: aes, 明文长度: 19
2025-09-10 18:41:31,521 - crypto_system - INFO - 解密完成 - 算法: aes, 密文长度: 64
2025-09-10 18:41:55,602 - crypto_system - INFO - 加密完成 - 算法: aes, 明文长度: 26
2025-09-10 18:42:05,681 - crypto_system - INFO - 解密完成 - 算法: aes, 密文长度: 64
2025-09-10 18:42:55,263 - crypto_system - INFO - 加密完成 - 算法: aes, 明文长度: 45
2025-09-10 18:43:04,254 - crypto_system - INFO - 解密完成 - 算法: aes, 密文长度: 88
2025-09-10 18:45:26,036 - crypto_system - INFO - 加密完成 - 算法: aes, 明文长度: 9
2025-09-10 18:45:35,072 - crypto_system - INFO - 解密完成 - 算法: aes, 密文长度: 44
2025-09-10 18:53:16,886 - crypto_system - INFO - 加密完成 - 算法: des, 明文长度: 9
2025-09-10 18:53:37,354 - crypto_system - ERROR - 加密失败: 算法执行失败: 'RSACipher' object has no attribute 'set_public_key'
2025-09-10 18:53:52,515 - crypto_system - ERROR - 加密失败: 算法执行失败: 'RSACipher' object has no attribute 'set_public_key'
2025-09-10 18:54:33,628 - crypto_system - ERROR - 加密失败: 算法执行失败: 'RSACipher' object has no attribute 'set_public_key'
2025-09-10 18:55:27,090 - crypto_system - INFO - 哈希计算完成 - 算法: md5, 输入长度: 13
2025-09-10 18:57:24,752 - crypto_system - INFO - 程序结束
2025-09-10 20:39:13,063 - crypto_system - INFO - 程序启动
2025-09-10 20:39:13,185 - crypto_system - INFO - 主窗口初始化完成
2025-09-10 20:39:40,759 - crypto_system - INFO - 程序结束
2025-09-10 20:40:03,529 - crypto_system - INFO - 程序启动
2025-09-10 20:40:03,764 - crypto_system - INFO - 主窗口初始化完成
2025-09-10 20:40:32,430 - crypto_system - INFO - 加密完成 - 算法: caesar, 明文长度: 3
2025-09-10 20:40:48,364 - crypto_system - INFO - 程序结束
2025-09-10 21:04:59,248 - crypto_system - INFO - 主窗口初始化完成
2025-09-10 21:05:29,918 - crypto_system - INFO - 主窗口初始化完成
2025-09-10 21:12:40,062 - crypto_system - INFO - 主窗口初始化完成
2025-09-10 21:12:47,398 - crypto_system - INFO - 主窗口初始化完成
2025-09-10 21:13:09,763 - crypto_system - INFO - 主窗口初始化完成
2025-09-10 21:13:27,190 - crypto_system - INFO - 主窗口初始化完成
2025-09-10 21:13:33,460 - crypto_system - INFO - 服务器启动成功，监听 localhost:8888
2025-09-10 21:14:23,308 - crypto_system - INFO - 主窗口初始化完成
2025-09-10 21:15:32,023 - crypto_system - INFO - 主窗口初始化完成
2025-09-10 21:15:35,602 - crypto_system - INFO - 服务器启动成功，监听 localhost:8888
2025-09-10 21:15:51,096 - crypto_system - INFO - 服务器启动成功，监听 localhost:8888
2025-09-10 21:15:54,937 - crypto_system - INFO - 服务器启动成功，监听 localhost:8888
2025-09-10 21:16:05,678 - crypto_system - INFO - 服务器已停止
2025-09-10 21:19:13,810 - crypto_system - INFO - 主窗口初始化完成
2025-09-10 21:19:16,903 - crypto_system - INFO - 服务器启动成功，监听 localhost:8888
2025-09-10 21:19:23,429 - crypto_system - INFO - 服务器已停止
2025-09-10 21:20:48,513 - crypto_system - INFO - 主窗口初始化完成
2025-09-10 21:20:51,623 - crypto_system - INFO - 服务器启动成功，监听 localhost:8888
2025-09-10 21:20:54,996 - crypto_system - INFO - 服务器启动成功，监听 localhost:8888
2025-09-10 21:20:57,794 - crypto_system - INFO - 服务器已停止
2025-09-10 21:23:45,656 - crypto_system - INFO - 主窗口初始化完成
2025-09-10 21:23:50,173 - crypto_system - INFO - 服务器启动成功，监听 localhost:8888
2025-09-10 21:24:00,105 - crypto_system - INFO - 服务器已停止
2025-09-10 21:24:43,772 - crypto_system - INFO - 主窗口初始化完成
2025-09-10 21:25:18,207 - crypto_system - INFO - 主窗口初始化完成
2025-09-10 21:25:20,432 - crypto_system - INFO - 服务器启动成功，监听 localhost:8888
2025-09-10 21:25:31,545 - crypto_system - INFO - 服务器已停止
2025-09-10 21:26:18,516 - crypto_system - INFO - 主窗口初始化完成
2025-09-10 21:26:25,562 - crypto_system - INFO - 服务器启动成功，监听 localhost:8888
2025-09-10 21:26:29,715 - crypto_system - INFO - 服务器已停止
2025-09-10 21:27:50,265 - crypto_system - INFO - 主窗口初始化完成
2025-09-10 21:28:05,647 - crypto_system - INFO - 主窗口初始化完成
2025-09-10 21:29:33,276 - crypto_system - INFO - 主窗口初始化完成
2025-09-10 21:29:37,666 - crypto_system - INFO - 服务器启动成功，监听 localhost:8888
